2025-06-30 13:26:14,244 - __main__ - INFO - Enhanced Land Acquisition Pipeline v2.9 initialized
2025-06-30 13:26:14,260 - __main__ - INFO - Loaded 23 cached API responses
2025-06-30 13:26:14,260 - __main__ - INFO - Geocoding enhancement enabled
2025-06-30 13:26:14,276 - __main__ - INFO - Loaded 11 cached geocoding responses
2025-06-30 13:26:14,276 - __main__ - INFO - PEC email integration enabled
2025-06-30 13:26:14,302 - __main__ - INFO - Loaded 0 cached PEC responses
2025-06-30 13:26:18,713 - __main__ - INFO - Geocoding address: CASALPUSTERLENGO(LO) VIA GUIDO MIGLIOLI
2025-06-30 13:26:18,713 - __main__ - INFO - Using cached ZIP code for: CASALPUSTERLENGO(LO) VIA GUIDO MIGLIOLI
2025-06-30 13:26:20,718 - __main__ - INFO - Geocoding address: CASALPUSTERLENGO(LO) CASCINA TESORO n. SNC
2025-06-30 13:26:20,718 - __main__ - INFO - Using cached ZIP code for: CASALPUSTERLENGO(LO) CASCINA TESORO n. SNC
2025-06-30 13:26:22,720 - __main__ - INFO - Geocoding address: TERRANOVA DEI PASSERINI(LO) STRADA PROVINCIALE 213 n. SNC
2025-06-30 13:26:22,720 - __main__ - INFO - Using cached ZIP code for: TERRANOVA DEI PASSERINI(LO) STRADA PROVINCIALE 213 n. SNC
2025-06-30 13:26:31,083 - __main__ - INFO - Geocoding address: SALERANO SUL LAMBRO(LO) VICOLO CREMONA n. 34
2025-06-30 13:26:31,083 - __main__ - INFO - Using cached ZIP code for: SALERANO SUL LAMBRO(LO) VICOLO CREMONA n. 34
2025-06-30 13:26:33,088 - __main__ - INFO - Geocoding address: BORGHETTO LODIGIANO(LO) CASCINA S. ANTONIO n. SNC
2025-06-30 13:26:33,088 - __main__ - INFO - Using cached ZIP code for: BORGHETTO LODIGIANO(LO) CASCINA S. ANTONIO n. SNC
2025-06-30 13:26:35,090 - __main__ - INFO - Geocoding address: CASALPUSTERLENGO(LO) CASCINA CROCI n. SNC
2025-06-30 13:26:35,090 - __main__ - INFO - Using cached ZIP code for: CASALPUSTERLENGO(LO) CASCINA CROCI n. SNC
2025-06-30 13:26:37,092 - __main__ - INFO - Geocoding address: OSPEDALETTO LODIGIANO(LO) CASCINA VILLAFRANCA DI MEZZO n. 1
2025-06-30 13:26:37,092 - __main__ - INFO - Using cached ZIP code for: OSPEDALETTO LODIGIANO(LO) CASCINA VILLAFRANCA DI MEZZO n. 1
2025-06-30 13:26:43,441 - __main__ - INFO - Geocoding address: CARPENEDOLO(BS) LOCALITA' LIVELLI n. 3
2025-06-30 13:26:43,448 - __main__ - INFO - Using cached ZIP code for: CARPENEDOLO(BS) LOCALITA' LIVELLI n. 3
2025-06-30 13:26:52,045 - __main__ - INFO - Geocoding address: MONTICHIARI(BS) VIA MANTOVA
2025-06-30 13:26:52,045 - __main__ - INFO - Using cached ZIP code for: MONTICHIARI(BS) VIA MANTOVA
2025-06-30 13:26:54,052 - __main__ - INFO - Geocoding address: MONTICHIARI(BS) VIA CHIARINI SECONDO n. 118
2025-06-30 13:26:54,052 - __main__ - INFO - Using cached ZIP code for: MONTICHIARI(BS) VIA CHIARINI SECONDO n. 118
2025-06-30 13:26:56,052 - __main__ - INFO - Geocoding address: MONTICHIARI(BS) VIA MANTOVA n. 313/B
2025-06-30 13:26:56,052 - __main__ - INFO - Using cached ZIP code for: MONTICHIARI(BS) VIA MANTOVA n. 313/B
