2025-06-30 12:59:28,486 - __main__ - INFO - Enhanced Land Acquisition Pipeline v2.9 initialized
2025-06-30 12:59:28,496 - __main__ - INFO - Loaded 23 cached API responses
2025-06-30 12:59:28,496 - __main__ - INFO - Geocoding enhancement enabled
2025-06-30 12:59:28,506 - __main__ - INFO - Loaded 11 cached geocoding responses
2025-06-30 12:59:28,507 - __main__ - INFO - PEC email integration enabled
2025-06-30 12:59:28,521 - __main__ - INFO - Loaded 0 cached PEC responses
2025-06-30 12:59:32,900 - __main__ - INFO - Geocoding address: CASALPUSTERLENGO(LO) VIA GUIDO MIGLIOLI
2025-06-30 12:59:32,901 - __main__ - INFO - Using cached ZIP code for: CASALPUSTERLENGO(LO) VIA GUIDO MIGLIOLI
2025-06-30 12:59:34,904 - __main__ - INFO - Geocoding address: CASALPUSTERLENGO(LO) CASCINA TESORO n. SNC
2025-06-30 12:59:34,905 - __main__ - INFO - Using cached ZIP code for: CASALPUSTERLENGO(LO) CASCINA TESORO n. SNC
2025-06-30 12:59:36,907 - __main__ - INFO - Geocoding address: TERRANOVA DEI PASSERINI(LO) STRADA PROVINCIALE 213 n. SNC
2025-06-30 12:59:36,907 - __main__ - INFO - Using cached ZIP code for: TERRANOVA DEI PASSERINI(LO) STRADA PROVINCIALE 213 n. SNC
2025-06-30 12:59:45,220 - __main__ - INFO - Geocoding address: SALERANO SUL LAMBRO(LO) VICOLO CREMONA n. 34
2025-06-30 12:59:45,220 - __main__ - INFO - Using cached ZIP code for: SALERANO SUL LAMBRO(LO) VICOLO CREMONA n. 34
2025-06-30 12:59:47,236 - __main__ - INFO - Geocoding address: BORGHETTO LODIGIANO(LO) CASCINA S. ANTONIO n. SNC
2025-06-30 12:59:47,237 - __main__ - INFO - Using cached ZIP code for: BORGHETTO LODIGIANO(LO) CASCINA S. ANTONIO n. SNC
2025-06-30 12:59:49,238 - __main__ - INFO - Geocoding address: CASALPUSTERLENGO(LO) CASCINA CROCI n. SNC
2025-06-30 12:59:49,238 - __main__ - INFO - Using cached ZIP code for: CASALPUSTERLENGO(LO) CASCINA CROCI n. SNC
2025-06-30 12:59:51,239 - __main__ - INFO - Geocoding address: OSPEDALETTO LODIGIANO(LO) CASCINA VILLAFRANCA DI MEZZO n. 1
2025-06-30 12:59:51,239 - __main__ - INFO - Using cached ZIP code for: OSPEDALETTO LODIGIANO(LO) CASCINA VILLAFRANCA DI MEZZO n. 1
2025-06-30 12:59:57,573 - __main__ - INFO - Geocoding address: CARPENEDOLO(BS) LOCALITA' LIVELLI n. 3
2025-06-30 12:59:57,573 - __main__ - INFO - Using cached ZIP code for: CARPENEDOLO(BS) LOCALITA' LIVELLI n. 3
2025-06-30 13:00:06,042 - __main__ - INFO - Geocoding address: MONTICHIARI(BS) VIA MANTOVA
2025-06-30 13:00:06,043 - __main__ - INFO - Using cached ZIP code for: MONTICHIARI(BS) VIA MANTOVA
2025-06-30 13:00:08,044 - __main__ - INFO - Geocoding address: MONTICHIARI(BS) VIA CHIARINI SECONDO n. 118
2025-06-30 13:00:08,045 - __main__ - INFO - Using cached ZIP code for: MONTICHIARI(BS) VIA CHIARINI SECONDO n. 118
2025-06-30 13:00:10,046 - __main__ - INFO - Geocoding address: MONTICHIARI(BS) VIA MANTOVA n. 313/B
2025-06-30 13:00:10,046 - __main__ - INFO - Using cached ZIP code for: MONTICHIARI(BS) VIA MANTOVA n. 313/B
