2025-06-30 13:15:24,435 - __main__ - INFO - Enhanced Land Acquisition Pipeline v2.9 initialized
2025-06-30 13:15:24,455 - __main__ - INFO - Loaded 23 cached API responses
2025-06-30 13:15:24,459 - __main__ - INFO - Geocoding enhancement enabled
2025-06-30 13:15:24,477 - __main__ - INFO - Loaded 11 cached geocoding responses
2025-06-30 13:15:24,477 - __main__ - INFO - PEC email integration enabled
2025-06-30 13:15:24,488 - __main__ - INFO - Loaded 0 cached PEC responses
2025-06-30 13:15:28,849 - __main__ - INFO - Geocoding address: CASALPUSTERLENGO(LO) VIA GUIDO MIGLIOLI
2025-06-30 13:15:28,849 - __main__ - INFO - Using cached ZIP code for: CASALPUSTERLENGO(LO) VIA GUIDO MIGLIOLI
2025-06-30 13:15:30,853 - __main__ - INFO - Geocoding address: CASALPUSTERLENGO(LO) CASCINA TESORO n. SNC
2025-06-30 13:15:30,853 - __main__ - INFO - Using cached ZIP code for: CASALPUSTERLENGO(LO) CASCINA TESORO n. SNC
2025-06-30 13:15:32,859 - __main__ - INFO - Geocoding address: TERRANOVA DEI PASSERINI(LO) STRADA PROVINCIALE 213 n. SNC
2025-06-30 13:15:32,859 - __main__ - INFO - Using cached ZIP code for: TERRANOVA DEI PASSERINI(LO) STRADA PROVINCIALE 213 n. SNC
2025-06-30 13:15:41,159 - __main__ - INFO - Geocoding address: SALERANO SUL LAMBRO(LO) VICOLO CREMONA n. 34
2025-06-30 13:15:41,159 - __main__ - INFO - Using cached ZIP code for: SALERANO SUL LAMBRO(LO) VICOLO CREMONA n. 34
2025-06-30 13:15:43,170 - __main__ - INFO - Geocoding address: BORGHETTO LODIGIANO(LO) CASCINA S. ANTONIO n. SNC
2025-06-30 13:15:43,170 - __main__ - INFO - Using cached ZIP code for: BORGHETTO LODIGIANO(LO) CASCINA S. ANTONIO n. SNC
2025-06-30 13:15:45,173 - __main__ - INFO - Geocoding address: CASALPUSTERLENGO(LO) CASCINA CROCI n. SNC
2025-06-30 13:15:45,173 - __main__ - INFO - Using cached ZIP code for: CASALPUSTERLENGO(LO) CASCINA CROCI n. SNC
2025-06-30 13:15:47,174 - __main__ - INFO - Geocoding address: OSPEDALETTO LODIGIANO(LO) CASCINA VILLAFRANCA DI MEZZO n. 1
2025-06-30 13:15:47,174 - __main__ - INFO - Using cached ZIP code for: OSPEDALETTO LODIGIANO(LO) CASCINA VILLAFRANCA DI MEZZO n. 1
2025-06-30 13:15:53,532 - __main__ - INFO - Geocoding address: CARPENEDOLO(BS) LOCALITA' LIVELLI n. 3
2025-06-30 13:15:53,532 - __main__ - INFO - Using cached ZIP code for: CARPENEDOLO(BS) LOCALITA' LIVELLI n. 3
2025-06-30 13:16:02,058 - __main__ - INFO - Geocoding address: MONTICHIARI(BS) VIA MANTOVA
2025-06-30 13:16:02,058 - __main__ - INFO - Using cached ZIP code for: MONTICHIARI(BS) VIA MANTOVA
2025-06-30 13:16:04,072 - __main__ - INFO - Geocoding address: MONTICHIARI(BS) VIA CHIARINI SECONDO n. 118
2025-06-30 13:16:04,073 - __main__ - INFO - Using cached ZIP code for: MONTICHIARI(BS) VIA CHIARINI SECONDO n. 118
2025-06-30 13:16:06,077 - __main__ - INFO - Geocoding address: MONTICHIARI(BS) VIA MANTOVA n. 313/B
2025-06-30 13:16:06,077 - __main__ - INFO - Using cached ZIP code for: MONTICHIARI(BS) VIA MANTOVA n. 313/B
